<?xml version="1.0" encoding="UTF-8"?>
<!-- Generated by org.testng.reporters.JUnitXMLReporter -->
<testsuite hostname="ATMECSINLT-002" ignored="1" name="Test2" tests="2" failures="1" timestamp="26 Sep 2019 14:15:41 GMT" time="41.277" errors="0">
  <testcase name="footerValidation" time="22.602" classname="com.atmecs.scripts.ValidateFooter"/>
  <testcase name="validatebloger" time="0.003" classname="com.atmecs.scripts.ValidateBlog">
    <failure type="java.lang.NullPointerException">
      <![CDATA[java.lang.NullPointerException
at com.atmecs.blogs.Blogs.validateFooterAtServices(Blogs.java:31)
at com.atmecs.scripts.ValidateBlog.validatebloger(ValidateBlog.java:13)
... Removed 26 stack frames]]>
    </failure>
  </testcase> <!-- validatebloger -->
  <testcase name="@BeforeTest browser" time="0.0" classname="com.atmecs.utils.BaseClass">
    <ignored/>
  </testcase> <!-- @BeforeTest browser -->
</testsuite> <!-- Test2 -->
